# JRE version: Java(TM) SE Runtime Environment (23.0.1+11) (build 23.0.1+11-39)
# Java VM: Java HotSpot(TM) 64-Bit Server VM (23.0.1+11-39, mixed mode, sharing, tiered, compressed oops, compressed class ptrs, g1 gc, windows-amd64)
GC Precious Log:
 CardTable entry size: 512
 Card Set container configuration: InlinePtr #cards 5 size 8 Array Of Cards #cards 10 size 36 Howl #buckets 4 coarsen threshold 1843 Howl Bitmap #cards 512 size 80 coarsen threshold 460 Card regions per heap region 1 cards per card region 2048
 CPUs: 4 total, 4 available
 Memory: 3959M
 Large Page Support: Disabled
 NUMA Support: Disabled
 Compressed Oops: Enabled (32-bit)
 Heap Region Size: 1M
 Heap Min Capacity: 8M
 Heap Initial Capacity: 62M
 Heap Max Capacity: 990M
 Pre-touch: Disabled
 Parallel Workers: 4
 Concurrent Workers: 1
 Concurrent Refinement Workers: 4
 Periodic GC: Disabled
Heap:
 garbage-first heap   total reserved 1013760K, committed 54272K, used 30524K [0x00000000c2200000, 0x0000000100000000)
  region size 1024K, 3 young (3072K), 2 survivors (2048K)
 Metaspace       used 67538K, committed 68288K, reserved 1114112K
  class space    used 9309K, committed 9664K, reserved 1048576K
GC Heap History (20 events):
Event: 7.200 GC heap before
{Heap before GC invocations=8 (full 0):
 garbage-first heap   total reserved 1013760K, committed 45056K, used 36033K [0x00000000c2200000, 0x0000000100000000)
  region size 1024K, 21 young (21504K), 3 survivors (3072K)
 Metaspace       used 31623K, committed 32128K, reserved 1114112K
  class space    used 4134K, committed 4352K, reserved 1048576K
}
Event: 7.208 GC heap after
{Heap after GC invocations=9 (full 0):
 garbage-first heap   total reserved 1013760K, committed 45056K, used 19024K [0x00000000c2200000, 0x0000000100000000)
  region size 1024K, 2 young (2048K), 2 survivors (2048K)
 Metaspace       used 31623K, committed 32128K, reserved 1114112K
  class space    used 4134K, committed 4352K, reserved 1048576K
}
Event: 7.797 GC heap before
{Heap before GC invocations=9 (full 0):
 garbage-first heap   total reserved 1013760K, committed 45056K, used 31312K [0x00000000c2200000, 0x0000000100000000)
  region size 1024K, 15 young (15360K), 2 survivors (2048K)
 Metaspace       used 35439K, committed 35968K, reserved 1114112K
  class space    used 4683K, committed 4928K, reserved 1048576K
}
Event: 7.803 GC heap after
{Heap after GC invocations=10 (full 0):
 garbage-first heap   total reserved 1013760K, committed 45056K, used 19599K [0x00000000c2200000, 0x0000000100000000)
  region size 1024K, 2 young (2048K), 2 survivors (2048K)
 Metaspace       used 35439K, committed 35968K, reserved 1114112K
  class space    used 4683K, committed 4928K, reserved 1048576K
}
Event: 8.583 GC heap before
{Heap before GC invocations=11 (full 0):
 garbage-first heap   total reserved 1013760K, committed 45056K, used 37007K [0x00000000c2200000, 0x0000000100000000)
  region size 1024K, 20 young (20480K), 2 survivors (2048K)
 Metaspace       used 40487K, committed 41088K, reserved 1114112K
  class space    used 5434K, committed 5696K, reserved 1048576K
}
Event: 8.592 GC heap after
{Heap after GC invocations=12 (full 0):
 garbage-first heap   total reserved 1013760K, committed 45056K, used 21440K [0x00000000c2200000, 0x0000000100000000)
  region size 1024K, 3 young (3072K), 3 survivors (3072K)
 Metaspace       used 40487K, committed 41088K, reserved 1114112K
  class space    used 5434K, committed 5696K, reserved 1048576K
}
Event: 9.639 GC heap before
{Heap before GC invocations=12 (full 0):
 garbage-first heap   total reserved 1013760K, committed 45056K, used 37824K [0x00000000c2200000, 0x0000000100000000)
  region size 1024K, 19 young (19456K), 3 survivors (3072K)
 Metaspace       used 47890K, committed 48384K, reserved 1114112K
  class space    used 6402K, committed 6592K, reserved 1048576K
}
Event: 9.647 GC heap after
{Heap after GC invocations=13 (full 0):
 garbage-first heap   total reserved 1013760K, committed 45056K, used 22745K [0x00000000c2200000, 0x0000000100000000)
  region size 1024K, 3 young (3072K), 3 survivors (3072K)
 Metaspace       used 47890K, committed 48384K, reserved 1114112K
  class space    used 6402K, committed 6592K, reserved 1048576K
}
Event: 10.101 GC heap before
{Heap before GC invocations=13 (full 0):
 garbage-first heap   total reserved 1013760K, committed 45056K, used 37081K [0x00000000c2200000, 0x0000000100000000)
  region size 1024K, 18 young (18432K), 3 survivors (3072K)
 Metaspace       used 52545K, committed 53120K, reserved 1114112K
  class space    used 7074K, committed 7296K, reserved 1048576K
}
Event: 10.109 GC heap after
{Heap after GC invocations=14 (full 0):
 garbage-first heap   total reserved 1013760K, committed 45056K, used 23981K [0x00000000c2200000, 0x0000000100000000)
  region size 1024K, 1 young (1024K), 1 survivors (1024K)
 Metaspace       used 52545K, committed 53120K, reserved 1114112K
  class space    used 7074K, committed 7296K, reserved 1048576K
}
Event: 10.703 GC heap before
{Heap before GC invocations=15 (full 0):
 garbage-first heap   total reserved 1013760K, committed 45056K, used 38317K [0x00000000c2200000, 0x0000000100000000)
  region size 1024K, 16 young (16384K), 1 survivors (1024K)
 Metaspace       used 56594K, committed 57216K, reserved 1114112K
  class space    used 7774K, committed 8064K, reserved 1048576K
}
Event: 10.706 GC heap after
{Heap after GC invocations=16 (full 0):
 garbage-first heap   total reserved 1013760K, committed 45056K, used 24785K [0x00000000c2200000, 0x0000000100000000)
  region size 1024K, 2 young (2048K), 2 survivors (2048K)
 Metaspace       used 56594K, committed 57216K, reserved 1114112K
  class space    used 7774K, committed 8064K, reserved 1048576K
}
Event: 11.200 GC heap before
{Heap before GC invocations=16 (full 0):
 garbage-first heap   total reserved 1013760K, committed 45056K, used 39121K [0x00000000c2200000, 0x0000000100000000)
  region size 1024K, 16 young (16384K), 2 survivors (2048K)
 Metaspace       used 59867K, committed 60544K, reserved 1114112K
  class space    used 8196K, committed 8512K, reserved 1048576K
}
Event: 11.208 GC heap after
{Heap after GC invocations=17 (full 0):
 garbage-first heap   total reserved 1013760K, committed 45056K, used 25600K [0x00000000c2200000, 0x0000000100000000)
  region size 1024K, 2 young (2048K), 2 survivors (2048K)
 Metaspace       used 59867K, committed 60544K, reserved 1114112K
  class space    used 8196K, committed 8512K, reserved 1048576K
}
Event: 11.770 GC heap before
{Heap before GC invocations=17 (full 0):
 garbage-first heap   total reserved 1013760K, committed 45056K, used 39936K [0x00000000c2200000, 0x0000000100000000)
  region size 1024K, 16 young (16384K), 2 survivors (2048K)
 Metaspace       used 62243K, committed 62912K, reserved 1114112K
  class space    used 8533K, committed 8832K, reserved 1048576K
}
Event: 11.779 GC heap after
{Heap after GC invocations=18 (full 0):
 garbage-first heap   total reserved 1013760K, committed 54272K, used 27209K [0x00000000c2200000, 0x0000000100000000)
  region size 1024K, 2 young (2048K), 2 survivors (2048K)
 Metaspace       used 62243K, committed 62912K, reserved 1114112K
  class space    used 8533K, committed 8832K, reserved 1048576K
}
Event: 12.651 GC heap before
{Heap before GC invocations=19 (full 0):
 garbage-first heap   total reserved 1013760K, committed 54272K, used 47689K [0x00000000c2200000, 0x0000000100000000)
  region size 1024K, 22 young (22528K), 2 survivors (2048K)
 Metaspace       used 64789K, committed 65472K, reserved 1114112K
  class space    used 8920K, committed 9216K, reserved 1048576K
}
Event: 12.659 GC heap after
{Heap after GC invocations=20 (full 0):
 garbage-first heap   total reserved 1013760K, committed 54272K, used 29186K [0x00000000c2200000, 0x0000000100000000)
  region size 1024K, 3 young (3072K), 3 survivors (3072K)
 Metaspace       used 64789K, committed 65472K, reserved 1114112K
  class space    used 8920K, committed 9216K, reserved 1048576K
}
Event: 284.736 GC heap before
{Heap before GC invocations=20 (full 0):
 garbage-first heap   total reserved 1013760K, committed 54272K, used 46594K [0x00000000c2200000, 0x0000000100000000)
  region size 1024K, 20 young (20480K), 3 survivors (3072K)
 Metaspace       used 67535K, committed 68288K, reserved 1114112K
  class space    used 9309K, committed 9664K, reserved 1048576K
}
Event: 284.748 GC heap after
{Heap after GC invocations=21 (full 0):
 garbage-first heap   total reserved 1013760K, committed 54272K, used 30524K [0x00000000c2200000, 0x0000000100000000)
  region size 1024K, 2 young (2048K), 2 survivors (2048K)
 Metaspace       used 67535K, committed 68288K, reserved 1114112K
  class space    used 9309K, committed 9664K, reserved 1048576K
}

